<?xml version="1.0" encoding="UTF-8"?>
<!-- Generated by org.testng.reporters.JUnitXMLReporter -->
<testsuite ignored="0" hostname="DESKTOP-7EBTGJK" failures="0" tests="3" name="Test" time="32.079" errors="0" timestamp="2021-12-30T11:59:53 IST">
  <testcase classname="com.ITestlisteners.MyfirsttTestcase" name="GoogleTitle" time="17.744"/>
  <testcase classname="com.ITestlisteners.MyfirsttTestcase" name="Titlemach" time="0.002"/>
  <testcase classname="com.ITestlisteners.TestNGbrowser" name="Googleverify" time="14.243"/>
</testsuite> <!-- Test -->
